<?xml version="1.0" encoding="UTF-8"?>
<!-- Generated by org.testng.reporters.JUnitReportReporter -->
<testsuite hostname="DESKTOP-57F0KGB" failures="0" tests="1" name="com.edisolutions.automation.EditUserTest" time="2.608" errors="0" timestamp="2020-08-27T22:37:01 EDT" skipped="0">
  <testcase classname="com.edisolutions.automation.EditUserTest" name="editUser" time="2.608"/>
  <system-out/>
</testsuite> <!-- com.edisolutions.automation.EditUserTest -->
