<?xml version="1.0" encoding="UTF-8"?>
<!-- Generated by org.testng.reporters.JUnitReportReporter -->
<testsuite hostname="DESKTOP-57F0KGB" failures="0" tests="1" name="com.edisolutions.automation.DeleteUserTest" time="2.571" errors="0" timestamp="2020-08-27T22:38:40 EDT" skipped="0">
  <testcase classname="com.edisolutions.automation.DeleteUserTest" name="deleteUser" time="2.571"/>
  <system-out/>
</testsuite> <!-- com.edisolutions.automation.DeleteUserTest -->
