<?xml version="1.0" encoding="UTF-8"?>
<!-- Generated by org.testng.reporters.JUnitReportReporter -->
<testsuite hostname="DESKTOP-57F0KGB" failures="0" tests="1" name="com.edisolutions.automation.GetUserTest" time="3.237" errors="0" timestamp="2020-08-27T22:32:54 EDT" skipped="0">
  <testcase classname="com.edisolutions.automation.GetUserTest" name="getUser" time="3.237"/>
  <system-out/>
</testsuite> <!-- com.edisolutions.automation.GetUserTest -->
