<?xml version="1.0" encoding="UTF-8"?>
<!-- Generated by org.testng.reporters.JUnitReportReporter -->
<testsuite hostname="DESKTOP-57F0KGB" failures="0" tests="1" name="com.edisolutions.automation.CreateUserTest" time="2.530" errors="0" timestamp="2020-08-27T23:41:20 EDT" skipped="0">
  <testcase classname="com.edisolutions.automation.CreateUserTest" name="createUser" time="2.530"/>
  <system-out/>
</testsuite> <!-- com.edisolutions.automation.CreateUserTest -->
